<?xml version="1.0" encoding="UTF-8"?>
<!-- Generated by org.testng.reporters.JUnitReportReporter -->
<testsuite skipped="0" hostname="DESKTOP-UIVQEBD" name="com.framework.test.TransactionRoomTest" tests="1" failures="0" timestamp="14 Apr 2020 18:43:26 GMT" time="51.226" errors="0">
  <testcase name="SelectDatebyJs" time="51.226" classname="com.framework.test.TransactionRoomTest"/>
</testsuite> <!-- com.framework.test.TransactionRoomTest -->
