<?xml version="1.0" encoding="UTF-8"?>
<!-- Generated by org.testng.reporters.JUnitReportReporter -->
<testsuite skipped="0" hostname="DESKTOP-UIVQEBD" name="com.framework.test.HomePageTest" tests="4" failures="0" timestamp="13 Apr 2020 18:53:22 GMT" time="83.481" errors="0">
  <testcase name="login" time="22.970" classname="com.framework.test.HomePageTest"/>
  <testcase name="verifyTitleHomePage" time="17.578" classname="com.framework.test.HomePageTest"/>
  <testcase name="verifyUserNameTest" time="19.470" classname="com.framework.test.HomePageTest"/>
  <testcase name="scroll" time="23.463" classname="com.framework.test.HomePageTest"/>
</testsuite> <!-- com.framework.test.HomePageTest -->
