<?xml version="1.0" encoding="UTF-8"?>
<!-- Generated by org.testng.reporters.JUnitReportReporter -->
<testsuite skipped="0" hostname="DESKTOP-UIVQEBD" name="com.framework.test.LoginTest" tests="5" failures="0" timestamp="13 Apr 2020 18:50:40 GMT" time="78.041" errors="0">
  <testcase name="login" time="17.239" classname="com.framework.test.LoginTest"/>
  <testcase name="loginincorrectpassword" time="15.497" classname="com.framework.test.LoginTest"/>
  <testcase name="forgottenpassword" time="18.386" classname="com.framework.test.LoginTest"/>
  <testcase name="validatelogo" time="14.352" classname="com.framework.test.LoginTest"/>
  <testcase name="validatetitle" time="12.567" classname="com.framework.test.LoginTest"/>
</testsuite> <!-- com.framework.test.LoginTest -->
