<?xml version="1.0" encoding="UTF-8"?>
<!-- Generated by org.testng.reporters.JUnitReportReporter -->
<testsuite skipped="0" hostname="DESKTOP-UIVQEBD" name="com.framework.test.DashBoardTest" tests="2" failures="0" timestamp="14 Apr 2020 21:16:53 GMT" time="67.824" errors="0">
  <testcase name="scroll" time="29.397" classname="com.framework.test.DashBoardTest"/>
  <testcase name="clickonBrokerDashboard" time="38.427" classname="com.framework.test.DashBoardTest"/>
</testsuite> <!-- com.framework.test.DashBoardTest -->
